     13 0
    151 1
    130 2
    108 3
     64 9
      2 A
      5 Ab
     10 Abbr
      1 Ac
     55 Accv
     50 Aj
      5 Anct
     28 Ar
      3 Astr
     36 Av
     18 Bibl
     11 Body
      5 Bota
      4 C
      1 Caus
      2 Chan
      3 Chem
     43 City
      8 Cj
      6 Clth
      2 Cmpr
     26 Colr
      2 Comb
     24 Cs
     24 Ct
     41 Ctry
      7 Curr
      2 D
     55 Datv
     16 Detm
     13 Dial
      6 Diar
     30 Dimt
      5 E
     11 Ex
      2 F
     20 Flum
    130 Fm
    147 Forg
      5 Freq
     14 Ge
     58 Genv
    159 Geog
      5 Holy
     63 Honr
     15 Im
      6 In
     31 Ip
      4 Ir
      1 Jidd
      4 Letr
     10 Loct
      2 M
      6 Meas
      4 Medc
      3 Metl
      4 Meto
      5 Milt
      3 Minr
     14 Mnth
      8 Modl
     13 Mont
      3 Move
    245 Ms
     14 Musi
    161 Nm
     59 Nomv
      4 Nrul
    128 Nt
      7 Nu
     16 Numr
     17 Nutr
      1 Ordn
      4 P
      9 Pa
    115 Pers
    176 Pl
    206 Pn
    144 Poss
      1 Post
     38 Pr
     30 Pren
     10 Prim
     25 Prof
      2 Qant
      1 Ratn
      8 Refl
     42 Regn
      1 Relt
      5 Root
      7 Rp
      4 Rt
    124 S
    338 Sb
      5 Seas
    420 Sg
     10 Shor
      1 Spor
      2 Strg
      5 Suff
      2 Supl
     11 Surn
     40 Time
      9 Titl
      5 U
      4 Un
     20 Undt
    150 Vb
     17 Vulg
      2 Weak
      7 Week
     16 X
      9 Zool
      5 ull
